  源.cpp
c:\users\yyc\desktop\数据结构实习\alg-2019\地图\地图\源.cpp(94): warning C4996: 'fopen': This function or variable may be unsafe. Consider using fopen_s instead. To disable deprecation, use _CRT_SECURE_NO_WARNINGS. See online help for details.
  c:\program files (x86)\windows kits\10\include\10.0.17763.0\ucrt\stdio.h(208): note: 参见“fopen”的声明
c:\users\yyc\desktop\数据结构实习\alg-2019\地图\地图\源.cpp(124): warning C4996: 'fscanf': This function or variable may be unsafe. Consider using fscanf_s instead. To disable deprecation, use _CRT_SECURE_NO_WARNINGS. See online help for details.
  c:\program files (x86)\windows kits\10\include\10.0.17763.0\ucrt\stdio.h(1197): note: 参见“fscanf”的声明
c:\users\yyc\desktop\数据结构实习\alg-2019\地图\地图\源.cpp(126): warning C4996: 'fscanf': This function or variable may be unsafe. Consider using fscanf_s instead. To disable deprecation, use _CRT_SECURE_NO_WARNINGS. See online help for details.
  c:\program files (x86)\windows kits\10\include\10.0.17763.0\ucrt\stdio.h(1197): note: 参见“fscanf”的声明
c:\users\yyc\desktop\数据结构实习\alg-2019\地图\地图\源.cpp(128): warning C4996: 'strcpy': This function or variable may be unsafe. Consider using strcpy_s instead. To disable deprecation, use _CRT_SECURE_NO_WARNINGS. See online help for details.
  c:\program files (x86)\windows kits\10\include\10.0.17763.0\ucrt\string.h(133): note: 参见“strcpy”的声明
c:\users\yyc\desktop\数据结构实习\alg-2019\地图\地图\源.cpp(143): warning C4996: 'fopen': This function or variable may be unsafe. Consider using fopen_s instead. To disable deprecation, use _CRT_SECURE_NO_WARNINGS. See online help for details.
  c:\program files (x86)\windows kits\10\include\10.0.17763.0\ucrt\stdio.h(208): note: 参见“fopen”的声明
c:\users\yyc\desktop\数据结构实习\alg-2019\地图\地图\源.cpp(176): warning C4996: 'fscanf': This function or variable may be unsafe. Consider using fscanf_s instead. To disable deprecation, use _CRT_SECURE_NO_WARNINGS. See online help for details.
  c:\program files (x86)\windows kits\10\include\10.0.17763.0\ucrt\stdio.h(1197): note: 参见“fscanf”的声明
c:\users\yyc\desktop\数据结构实习\alg-2019\地图\地图\源.cpp(178): warning C4996: 'fscanf': This function or variable may be unsafe. Consider using fscanf_s instead. To disable deprecation, use _CRT_SECURE_NO_WARNINGS. See online help for details.
  c:\program files (x86)\windows kits\10\include\10.0.17763.0\ucrt\stdio.h(1197): note: 参见“fscanf”的声明
c:\users\yyc\desktop\数据结构实习\alg-2019\地图\地图\源.cpp(395): warning C4018: “<”: 有符号/无符号不匹配
c:\users\yyc\desktop\数据结构实习\alg-2019\地图\地图\源.cpp(400): warning C4018: “<”: 有符号/无符号不匹配
c:\users\yyc\desktop\数据结构实习\alg-2019\地图\地图\源.cpp(410): warning C4018: “<”: 有符号/无符号不匹配
c:\users\yyc\desktop\数据结构实习\alg-2019\地图\地图\源.cpp(413): warning C4018: “<”: 有符号/无符号不匹配
c:\users\yyc\desktop\数据结构实习\alg-2019\地图\地图\源.cpp(422): warning C4018: “<”: 有符号/无符号不匹配
c:\users\yyc\desktop\数据结构实习\alg-2019\地图\地图\源.cpp(425): warning C4018: “<”: 有符号/无符号不匹配
c:\users\yyc\desktop\数据结构实习\alg-2019\地图\地图\源.cpp(433): warning C4018: “<”: 有符号/无符号不匹配
c:\users\yyc\desktop\数据结构实习\alg-2019\地图\地图\源.cpp(436): warning C4018: “<”: 有符号/无符号不匹配
c:\users\yyc\desktop\数据结构实习\alg-2019\地图\地图\源.cpp(493): warning C4018: “<”: 有符号/无符号不匹配
c:\users\yyc\desktop\数据结构实习\alg-2019\地图\地图\源.cpp(497): warning C4018: “<”: 有符号/无符号不匹配
c:\users\yyc\desktop\数据结构实习\alg-2019\地图\地图\源.cpp(504): warning C4018: “<=”: 有符号/无符号不匹配
c:\users\yyc\desktop\数据结构实习\alg-2019\地图\地图\源.cpp(542): warning C4018: “<”: 有符号/无符号不匹配
c:\users\yyc\desktop\数据结构实习\alg-2019\地图\地图\源.cpp(484): warning C4996: 'fopen': This function or variable may be unsafe. Consider using fopen_s instead. To disable deprecation, use _CRT_SECURE_NO_WARNINGS. See online help for details.
  c:\program files (x86)\windows kits\10\include\10.0.17763.0\ucrt\stdio.h(208): note: 参见“fopen”的声明
c:\users\yyc\desktop\数据结构实习\alg-2019\地图\地图\源.cpp(496): warning C4996: 'strcpy': This function or variable may be unsafe. Consider using strcpy_s instead. To disable deprecation, use _CRT_SECURE_NO_WARNINGS. See online help for details.
  c:\program files (x86)\windows kits\10\include\10.0.17763.0\ucrt\string.h(133): note: 参见“strcpy”的声明
c:\users\yyc\desktop\数据结构实习\alg-2019\地图\地图\源.cpp(510): warning C4996: 'strcpy': This function or variable may be unsafe. Consider using strcpy_s instead. To disable deprecation, use _CRT_SECURE_NO_WARNINGS. See online help for details.
  c:\program files (x86)\windows kits\10\include\10.0.17763.0\ucrt\string.h(133): note: 参见“strcpy”的声明
c:\users\yyc\desktop\数据结构实习\alg-2019\地图\地图\源.cpp(620): warning C4996: 'strcpy': This function or variable may be unsafe. Consider using strcpy_s instead. To disable deprecation, use _CRT_SECURE_NO_WARNINGS. See online help for details.
  c:\program files (x86)\windows kits\10\include\10.0.17763.0\ucrt\string.h(133): note: 参见“strcpy”的声明
c:\users\yyc\desktop\数据结构实习\alg-2019\地图\地图\源.cpp(621): warning C4996: 'strcpy': This function or variable may be unsafe. Consider using strcpy_s instead. To disable deprecation, use _CRT_SECURE_NO_WARNINGS. See online help for details.
  c:\program files (x86)\windows kits\10\include\10.0.17763.0\ucrt\string.h(133): note: 参见“strcpy”的声明
c:\users\yyc\desktop\数据结构实习\alg-2019\地图\地图\源.cpp(622): warning C4996: 'strcpy': This function or variable may be unsafe. Consider using strcpy_s instead. To disable deprecation, use _CRT_SECURE_NO_WARNINGS. See online help for details.
  c:\program files (x86)\windows kits\10\include\10.0.17763.0\ucrt\string.h(133): note: 参见“strcpy”的声明
c:\users\yyc\desktop\数据结构实习\alg-2019\地图\地图\源.cpp(74): warning C4715: “LocateCity”: 不是所有的控件路径都返回值
c:\users\yyc\desktop\数据结构实习\alg-2019\地图\地图\源.cpp(81): warning C4715: “Match”: 不是所有的控件路径都返回值
  地图.vcxproj -> C:\Users\yyc\Desktop\数据结构实习\alg-2019\地图\Debug\地图.exe
