  源.cpp
c:\users\yyc\desktop\数字图像处理实习\imageprocessing\imageprocessing\read_write.h(17): warning C4996: 'fopen': This function or variable may be unsafe. Consider using fopen_s instead. To disable deprecation, use _CRT_SECURE_NO_WARNINGS. See online help for details.
  c:\program files (x86)\windows kits\10\include\10.0.17763.0\ucrt\stdio.h(208): note: 参见“fopen”的声明
c:\users\yyc\desktop\数字图像处理实习\imageprocessing\imageprocessing\filter.h(22): warning C4244: “+=”: 从“double”转换到“int”，可能丢失数据
c:\users\yyc\desktop\数字图像处理实习\imageprocessing\imageprocessing\filter.h(23): warning C4244: “+=”: 从“double”转换到“int”，可能丢失数据
c:\users\yyc\desktop\数字图像处理实习\imageprocessing\imageprocessing\filter.h(24): warning C4244: “+=”: 从“double”转换到“int”，可能丢失数据
c:\users\yyc\desktop\数字图像处理实习\imageprocessing\imageprocessing\filter.h(25): warning C4244: “+=”: 从“double”转换到“int”，可能丢失数据
c:\users\yyc\desktop\数字图像处理实习\imageprocessing\imageprocessing\filter.h(26): warning C4244: “+=”: 从“double”转换到“int”，可能丢失数据
c:\users\yyc\desktop\数字图像处理实习\imageprocessing\imageprocessing\filter.h(27): warning C4244: “+=”: 从“double”转换到“int”，可能丢失数据
c:\users\yyc\desktop\数字图像处理实习\imageprocessing\imageprocessing\filter.h(28): warning C4244: “+=”: 从“double”转换到“int”，可能丢失数据
c:\users\yyc\desktop\数字图像处理实习\imageprocessing\imageprocessing\filter.h(29): warning C4244: “+=”: 从“double”转换到“int”，可能丢失数据
c:\users\yyc\desktop\数字图像处理实习\imageprocessing\imageprocessing\filter.h(30): warning C4244: “+=”: 从“double”转换到“int”，可能丢失数据
c:\users\yyc\desktop\数字图像处理实习\imageprocessing\imageprocessing\filter.h(34): warning C4244: “+=”: 从“double”转换到“int”，可能丢失数据
c:\users\yyc\desktop\数字图像处理实习\imageprocessing\imageprocessing\filter.h(35): warning C4244: “+=”: 从“double”转换到“int”，可能丢失数据
c:\users\yyc\desktop\数字图像处理实习\imageprocessing\imageprocessing\filter.h(36): warning C4244: “+=”: 从“double”转换到“int”，可能丢失数据
c:\users\yyc\desktop\数字图像处理实习\imageprocessing\imageprocessing\filter.h(37): warning C4244: “+=”: 从“double”转换到“int”，可能丢失数据
c:\users\yyc\desktop\数字图像处理实习\imageprocessing\imageprocessing\filter.h(38): warning C4244: “+=”: 从“double”转换到“int”，可能丢失数据
c:\users\yyc\desktop\数字图像处理实习\imageprocessing\imageprocessing\filter.h(39): warning C4244: “+=”: 从“double”转换到“int”，可能丢失数据
c:\users\yyc\desktop\数字图像处理实习\imageprocessing\imageprocessing\filter.h(40): warning C4244: “+=”: 从“double”转换到“int”，可能丢失数据
c:\users\yyc\desktop\数字图像处理实习\imageprocessing\imageprocessing\filter.h(41): warning C4244: “+=”: 从“double”转换到“int”，可能丢失数据
c:\users\yyc\desktop\数字图像处理实习\imageprocessing\imageprocessing\filter.h(42): warning C4244: “+=”: 从“double”转换到“int”，可能丢失数据
c:\users\yyc\desktop\数字图像处理实习\imageprocessing\imageprocessing\filter.h(49): warning C4244: “+=”: 从“double”转换到“int”，可能丢失数据
c:\users\yyc\desktop\数字图像处理实习\imageprocessing\imageprocessing\filter.h(50): warning C4244: “+=”: 从“double”转换到“int”，可能丢失数据
c:\users\yyc\desktop\数字图像处理实习\imageprocessing\imageprocessing\filter.h(51): warning C4244: “+=”: 从“double”转换到“int”，可能丢失数据
c:\users\yyc\desktop\数字图像处理实习\imageprocessing\imageprocessing\filter.h(52): warning C4244: “+=”: 从“double”转换到“int”，可能丢失数据
c:\users\yyc\desktop\数字图像处理实习\imageprocessing\imageprocessing\filter.h(53): warning C4244: “+=”: 从“double”转换到“int”，可能丢失数据
c:\users\yyc\desktop\数字图像处理实习\imageprocessing\imageprocessing\filter.h(54): warning C4244: “+=”: 从“double”转换到“int”，可能丢失数据
c:\users\yyc\desktop\数字图像处理实习\imageprocessing\imageprocessing\filter.h(55): warning C4244: “+=”: 从“double”转换到“int”，可能丢失数据
c:\users\yyc\desktop\数字图像处理实习\imageprocessing\imageprocessing\filter.h(56): warning C4244: “+=”: 从“double”转换到“int”，可能丢失数据
c:\users\yyc\desktop\数字图像处理实习\imageprocessing\imageprocessing\filter.h(57): warning C4244: “+=”: 从“double”转换到“int”，可能丢失数据
c:\users\yyc\desktop\数字图像处理实习\imageprocessing\imageprocessing\filter.h(61): warning C4244: “+=”: 从“double”转换到“int”，可能丢失数据
c:\users\yyc\desktop\数字图像处理实习\imageprocessing\imageprocessing\filter.h(62): warning C4244: “+=”: 从“double”转换到“int”，可能丢失数据
c:\users\yyc\desktop\数字图像处理实习\imageprocessing\imageprocessing\filter.h(63): warning C4244: “+=”: 从“double”转换到“int”，可能丢失数据
c:\users\yyc\desktop\数字图像处理实习\imageprocessing\imageprocessing\filter.h(64): warning C4244: “+=”: 从“double”转换到“int”，可能丢失数据
c:\users\yyc\desktop\数字图像处理实习\imageprocessing\imageprocessing\filter.h(65): warning C4244: “+=”: 从“double”转换到“int”，可能丢失数据
c:\users\yyc\desktop\数字图像处理实习\imageprocessing\imageprocessing\filter.h(66): warning C4244: “+=”: 从“double”转换到“int”，可能丢失数据
c:\users\yyc\desktop\数字图像处理实习\imageprocessing\imageprocessing\filter.h(67): warning C4244: “+=”: 从“double”转换到“int”，可能丢失数据
c:\users\yyc\desktop\数字图像处理实习\imageprocessing\imageprocessing\filter.h(68): warning C4244: “+=”: 从“double”转换到“int”，可能丢失数据
c:\users\yyc\desktop\数字图像处理实习\imageprocessing\imageprocessing\filter.h(69): warning C4244: “+=”: 从“double”转换到“int”，可能丢失数据
c:\users\yyc\desktop\数字图像处理实习\imageprocessing\imageprocessing\geometry.h(59): warning C4244: “初始化”: 从“double”转换到“int”，可能丢失数据
c:\users\yyc\desktop\数字图像处理实习\imageprocessing\imageprocessing\geometry.h(60): warning C4244: “初始化”: 从“double”转换到“int”，可能丢失数据
c:\users\yyc\desktop\数字图像处理实习\imageprocessing\imageprocessing\geometry.h(96): warning C4244: “参数”: 从“double”转换到“int”，可能丢失数据
c:\users\yyc\desktop\数字图像处理实习\imageprocessing\imageprocessing\geometry.h(107): warning C4244: “=”: 从“double”转换到“int”，可能丢失数据
c:\users\yyc\desktop\数字图像处理实习\imageprocessing\imageprocessing\geometry.h(108): warning C4244: “=”: 从“double”转换到“int”，可能丢失数据
c:\users\yyc\desktop\数字图像处理实习\imageprocessing\imageprocessing\hisfuse.h(152): warning C4244: “=”: 从“double”转换到“_Tp”，可能丢失数据
          with
          [
              _Tp=uchar
          ]
c:\users\yyc\desktop\数字图像处理实习\imageprocessing\imageprocessing\hisfuse.h(153): warning C4244: “=”: 从“double”转换到“_Tp”，可能丢失数据
          with
          [
              _Tp=uchar
          ]
c:\users\yyc\desktop\数字图像处理实习\imageprocessing\imageprocessing\hisfuse.h(154): warning C4244: “=”: 从“double”转换到“_Tp”，可能丢失数据
          with
          [
              _Tp=uchar
          ]
  ImageProcessing.vcxproj -> C:\Users\yyc\Desktop\数字图像处理实习\ImageProcessing\x64\Debug\ImageProcessing.exe
